<?xml version="1.0" encoding="UTF-8"?>
<testsuite xmlns:xsi="http://www.w3.org/2001/XMLSchema-instance" xsi:noNamespaceSchemaLocation="https://maven.apache.org/surefire/maven-surefire-plugin/xsd/surefire-test-report-3.0.xsd" version="3.0" name="math.ArithmeticOperationsTest" time="0.004" tests="6" errors="0" skipped="0" failures="0">
  <properties>
    <property name="java.specification.version" value="24"/>
    <property name="sun.cpu.isalist" value="amd64"/>
    <property name="sun.jnu.encoding" value="Cp1252"/>
    <property name="java.class.path" value="C:\Users\kn\Desktop\Testing\unittesting\target\test-classes;C:\Users\kn\Desktop\Testing\unittesting\target\classes;C:\Users\kn\.m2\repository\junit\junit\4.13.2\junit-4.13.2.jar;C:\Users\kn\.m2\repository\org\hamcrest\hamcrest-core\1.3\hamcrest-core-1.3.jar;C:\Users\kn\.m2\repository\org\mockito\mockito-core\2.27.0\mockito-core-2.27.0.jar;C:\Users\kn\.m2\repository\net\bytebuddy\byte-buddy\1.9.10\byte-buddy-1.9.10.jar;C:\Users\kn\.m2\repository\net\bytebuddy\byte-buddy-agent\1.9.10\byte-buddy-agent-1.9.10.jar;C:\Users\kn\.m2\repository\org\objenesis\objenesis\2.6\objenesis-2.6.jar;"/>
    <property name="java.vm.vendor" value="Oracle Corporation"/>
    <property name="sun.arch.data.model" value="64"/>
    <property name="user.variant" value=""/>
    <property name="java.vendor.url" value="https://java.oracle.com/"/>
    <property name="user.timezone" value="Asia/Dhaka"/>
    <property name="os.name" value="Windows 10"/>
    <property name="java.vm.specification.version" value="24"/>
    <property name="sun.java.launcher" value="SUN_STANDARD"/>
    <property name="user.country" value="US"/>
    <property name="sun.boot.library.path" value="C:\Program Files\Java\jdk-24\bin"/>
    <property name="sun.java.command" value="C:\Users\kn\AppData\Local\Temp\surefire15249277396096198002\surefirebooter-20250424115357113_3.jar C:\Users\kn\AppData\Local\Temp\surefire15249277396096198002 2025-04-24T11-53-57_055-jvmRun1 surefire-20250424115357113_1tmp surefire_0-20250424115357113_2tmp"/>
    <property name="jdk.debug" value="release"/>
    <property name="surefire.test.class.path" value="C:\Users\kn\Desktop\Testing\unittesting\target\test-classes;C:\Users\kn\Desktop\Testing\unittesting\target\classes;C:\Users\kn\.m2\repository\junit\junit\4.13.2\junit-4.13.2.jar;C:\Users\kn\.m2\repository\org\hamcrest\hamcrest-core\1.3\hamcrest-core-1.3.jar;C:\Users\kn\.m2\repository\org\mockito\mockito-core\2.27.0\mockito-core-2.27.0.jar;C:\Users\kn\.m2\repository\net\bytebuddy\byte-buddy\1.9.10\byte-buddy-1.9.10.jar;C:\Users\kn\.m2\repository\net\bytebuddy\byte-buddy-agent\1.9.10\byte-buddy-agent-1.9.10.jar;C:\Users\kn\.m2\repository\org\objenesis\objenesis\2.6\objenesis-2.6.jar;"/>
    <property name="sun.cpu.endian" value="little"/>
    <property name="user.home" value="C:\Users\kn"/>
    <property name="user.language" value="en"/>
    <property name="java.specification.vendor" value="Oracle Corporation"/>
    <property name="java.version.date" value="2025-04-15"/>
    <property name="java.home" value="C:\Program Files\Java\jdk-24"/>
    <property name="file.separator" value="\"/>
    <property name="basedir" value="C:\Users\kn\Desktop\Testing\unittesting"/>
    <property name="java.vm.compressedOopsMode" value="Zero based"/>
    <property name="line.separator" value="&#10;"/>
    <property name="java.vm.specification.vendor" value="Oracle Corporation"/>
    <property name="java.specification.name" value="Java Platform API Specification"/>
    <property name="surefire.real.class.path" value="C:\Users\kn\AppData\Local\Temp\surefire15249277396096198002\surefirebooter-20250424115357113_3.jar"/>
    <property name="user.script" value=""/>
    <property name="sun.management.compiler" value="HotSpot 64-Bit Tiered Compilers"/>
    <property name="java.runtime.version" value="24.0.1+9-30"/>
    <property name="user.name" value="kn"/>
    <property name="stdout.encoding" value="Cp1252"/>
    <property name="path.separator" value=";"/>
    <property name="os.version" value="10.0"/>
    <property name="java.runtime.name" value="Java(TM) SE Runtime Environment"/>
    <property name="file.encoding" value="UTF-8"/>
    <property name="java.vm.name" value="Java HotSpot(TM) 64-Bit Server VM"/>
    <property name="localRepository" value="C:\Users\kn\.m2\repository"/>
    <property name="java.vendor.url.bug" value="https://bugreport.java.com/bugreport/"/>
    <property name="java.io.tmpdir" value="C:\Users\kn\AppData\Local\Temp\"/>
    <property name="java.version" value="24.0.1"/>
    <property name="user.dir" value="C:\Users\kn\Desktop\Testing\unittesting"/>
    <property name="os.arch" value="amd64"/>
    <property name="java.vm.specification.name" value="Java Virtual Machine Specification"/>
    <property name="sun.os.patch.level" value=""/>
    <property name="native.encoding" value="Cp1252"/>
    <property name="java.library.path" value="C:\Program Files\Java\jdk-24\bin;C:\Windows\Sun\Java\bin;C:\Windows\system32;C:\Windows;C:\Users\kn\bin;C:\Users\kn\AppData\Local\Programs\Git\mingw64\bin;C:\Users\kn\AppData\Local\Programs\Git\usr\local\bin;C:\Users\kn\AppData\Local\Programs\Git\usr\bin;C:\Users\kn\AppData\Local\Programs\Git\usr\bin;C:\Users\kn\AppData\Local\Programs\Git\mingw64\bin;C:\Users\kn\AppData\Local\Programs\Git\usr\bin;C:\Users\kn\bin;C:\Program Files\Common Files\Oracle\Java\javapath;C:\Program Files (x86)\Common Files\Oracle\Java\javapath;C:\oraclexe\app\oracle\product\10.2.0\server\bin;C:\Windows\system32;C:\Windows;C:\Windows\System32\Wbem;C:\Windows\System32\WindowsPowerShell\v1.0;C:\Windows\System32\OpenSSH;C:\Program Files\nodejs;C:\Users\kn\AppData\Local\Programs\Git\usr\bin;C:\Program Files\nodejs;C:\Users\kn\Downloads\apache-maven-3.9.9-bin\apache-maven-3.9.9\bin;C:\Users\kn\AppData\Local\Microsoft\WindowsApps;C:\Users\kn\AppData\Local\Programs\Microsoft VS Code Insiders\bin;C:\Users\kn\AppData\Roaming\npm;C:\Users\kn\AppData\Local\Programs\Git\cmd;C:\Users\kn\AppData\Roaming\Code - Insiders\User\globalStorage\github.copilot-chat\debugCommand;C:\Users\kn\AppData\Local\Programs\Git\usr\bin\vendor_perl;C:\Users\kn\AppData\Local\Programs\Git\usr\bin\core_perl;."/>
    <property name="java.vm.info" value="mixed mode, sharing"/>
    <property name="stderr.encoding" value="Cp1252"/>
    <property name="java.vendor" value="Oracle Corporation"/>
    <property name="java.vm.version" value="24.0.1+9-30"/>
    <property name="sun.io.unicode.encoding" value="UnicodeLittle"/>
    <property name="java.class.version" value="68.0"/>
  </properties>
  <testcase name="testDivideNormalCase" classname="math.ArithmeticOperationsTest" time="0.0">
    <system-out><![CDATA[Setting up ArithmeticOperationsTest
Tearing down ArithmeticOperationsTest
]]></system-out>
  </testcase>
  <testcase name="testMultiplyNegativeNumbers" classname="math.ArithmeticOperationsTest" time="0.0">
    <system-out><![CDATA[Setting up ArithmeticOperationsTest
Tearing down ArithmeticOperationsTest
]]></system-out>
  </testcase>
  <testcase name="testDivideByZero" classname="math.ArithmeticOperationsTest" time="0.001">
    <system-out><![CDATA[Setting up ArithmeticOperationsTest
Tearing down ArithmeticOperationsTest
]]></system-out>
  </testcase>
  <testcase name="testMultiplyOverflow" classname="math.ArithmeticOperationsTest" time="0.0">
    <system-out><![CDATA[Setting up ArithmeticOperationsTest
Tearing down ArithmeticOperationsTest
]]></system-out>
  </testcase>
  <testcase name="testMultiplyNormalCase" classname="math.ArithmeticOperationsTest" time="0.0">
    <system-out><![CDATA[Setting up ArithmeticOperationsTest
Tearing down ArithmeticOperationsTest
]]></system-out>
  </testcase>
  <testcase name="testMultiplyWithZero" classname="math.ArithmeticOperationsTest" time="0.001">
    <system-out><![CDATA[Setting up ArithmeticOperationsTest
Tearing down ArithmeticOperationsTest
]]></system-out>
  </testcase>
</testsuite>